<?xml version="1.0" encoding="UTF-8"?>
<!-- Generated by org.testng.reporters.JUnitReportReporter -->
<testsuite skipped="0" hostname="LAPTOP-3ODB115E" name="com.epam.runner.CovidReportRunner" tests="1" failures="0" timestamp="30 Dec 2020 09:17:41 GMT" time="8.551" errors="0">
  <testcase name="runScenario" time="8.551" classname="com.epam.runner.CovidReportRunner"/>
</testsuite> <!-- com.epam.runner.CovidReportRunner -->
