<?xml version="1.0" encoding="UTF-8"?>
<!-- Generated by org.testng.reporters.JUnitReportReporter -->
<testsuite skipped="0" hostname="LAPTOP-3ODB115E" name="com.epam.runner.CovidReportRunner" tests="1" failures="0" timestamp="29 Dec 2020 04:54:49 GMT" time="9.844" errors="0">
  <testcase name="runScenario" time="9.844" classname="com.epam.runner.CovidReportRunner"/>
</testsuite> <!-- com.epam.runner.CovidReportRunner -->
